Using pre-set license
Built from '2020.3/release' branch; Version is '2020.3.44f1 (7f159b6136da) revision 8328603'; Using compiler version '192528614'; Build Type 'Release'
OS: 'Windows 10  (10.0.17763) 64bit EnterpriseS' Language: 'ru' Physical Memory: 2047 MB
BatchMode: 1, IsHumanControllingUs: 0, StartBugReporterOnCrash: 0, Is64bit: 1, IsPro: 0

COMMAND LINE ARGUMENTS:
D:\Unity\2020.3.44f1\Editor\Unity.exe
-adb2
-batchMode
-noUpm
-name
AssetImportWorker0
-projectPath
C:/Users/New/Desktop/Fisher/fisher
-logFile
Logs/AssetImportWorker0.log
-srvPort
50722
Successfully changed project path to: C:/Users/New/Desktop/Fisher/fisher
C:/Users/New/Desktop/Fisher/fisher
Using Asset Import Pipeline V2.
Unable to join player connection multicast group (err: 10042).
Unable to join player connection alternative multicast group (err: 10042).
Refreshing native plugins compatible for Editor in 206.61 ms, found 3 plugins.
Preloading 0 native plugins for Editor in 0.00 ms.
Initialize engine version: 2020.3.44f1 (7f159b6136da)
[Subsystems] Discovering subsystems at path D:/Unity/2020.3.44f1/Editor/Data/Resources/UnitySubsystems
[Subsystems] Discovering subsystems at path C:/Users/New/Desktop/Fisher/fisher/Assets
GfxDevice: creating device client; threaded=0
Direct3D:
    Version:  Direct3D 11.0 [level 11.1]
    Renderer: NVIDIA GeForce GT 1030 (ID=0x1d01)
    Vendor:   
    VRAM:     1981 MB
    Driver:   31.0.15.2698
Initialize mono
Mono path[0] = 'D:/Unity/2020.3.44f1/Editor/Data/Managed'
Mono path[1] = 'D:/Unity/2020.3.44f1/Editor/Data/MonoBleedingEdge/lib/mono/unityjit'
Mono config path = 'D:/Unity/2020.3.44f1/Editor/Data/MonoBleedingEdge/etc'
Using monoOptions --debugger-agent=transport=dt_socket,embedding=1,server=y,suspend=n,address=127.0.0.1:56748
Begin MonoManager ReloadAssembly
Registering precompiled unity dll's ...
Register platform support module: D:/Unity/2020.3.44f1/Editor/Data/PlaybackEngines/WindowsStandaloneSupport/UnityEditor.WindowsStandalone.Extensions.dll
Registered in 0.008520 seconds.
Native extension for WindowsStandalone target not found
Refreshing native plugins compatible for Editor in 173.16 ms, found 3 plugins.
Preloading 0 native plugins for Editor in 0.00 ms.
Mono: successfully reloaded assembly
- Completed reload, in  3.297 seconds
Domain Reload Profiling:
	ReloadAssembly (3299ms)
		BeginReloadAssembly (562ms)
			ExecutionOrderSort (0ms)
			DisableScriptedObjects (0ms)
			BackupInstance (0ms)
			ReleaseScriptingObjects (0ms)
			CreateAndSetChildDomain (3ms)
		EndReloadAssembly (2410ms)
			LoadAssemblies (560ms)
			RebuildTransferFunctionScriptingTraits (3ms)
			SetupTypeCache (919ms)
			ReleaseScriptCaches (0ms)
			RebuildScriptCaches (238ms)
			SetupLoadedEditorAssemblies (635ms)
				LogAssemblyErrors (0ms)
				InitializePlatformSupportModulesInManaged (18ms)
				SetLoadedEditorAssemblies (4ms)
				RefreshPlugins (173ms)
				BeforeProcessingInitializeOnLoad (41ms)
				ProcessInitializeOnLoadAttributes (293ms)
				ProcessInitializeOnLoadMethodAttributes (105ms)
				AfterProcessingInitializeOnLoad (0ms)
				EditorAssembliesLoaded (0ms)
			ExecutionOrderSort2 (0ms)
			AwakeInstancesAfterBackupRestoration (0ms)
Platform modules already initialized, skipping
Registering precompiled user dll's ...
Registered in 0.017876 seconds.
Begin MonoManager ReloadAssembly
Native extension for WindowsStandalone target not found
Refreshing native plugins compatible for Editor in 201.28 ms, found 3 plugins.
Preloading 0 native plugins for Editor in 0.00 ms.
Mono: successfully reloaded assembly
- Completed reload, in  9.919 seconds
Domain Reload Profiling:
	ReloadAssembly (9923ms)
		BeginReloadAssembly (630ms)
			ExecutionOrderSort (0ms)
			DisableScriptedObjects (15ms)
			BackupInstance (0ms)
			ReleaseScriptingObjects (1ms)
			CreateAndSetChildDomain (66ms)
		EndReloadAssembly (9083ms)
			LoadAssemblies (746ms)
			RebuildTransferFunctionScriptingTraits (0ms)
			SetupTypeCache (1822ms)
			ReleaseScriptCaches (4ms)
			RebuildScriptCaches (609ms)
			SetupLoadedEditorAssemblies (5380ms)
				LogAssemblyErrors (0ms)
				InitializePlatformSupportModulesInManaged (18ms)
				SetLoadedEditorAssemblies (1ms)
				RefreshPlugins (201ms)
				BeforeProcessingInitializeOnLoad (1083ms)
				ProcessInitializeOnLoadAttributes (3907ms)
				ProcessInitializeOnLoadMethodAttributes (162ms)
				AfterProcessingInitializeOnLoad (7ms)
				EditorAssembliesLoaded (0ms)
			ExecutionOrderSort2 (0ms)
			AwakeInstancesAfterBackupRestoration (5ms)
Platform modules already initialized, skipping
========================================================================
Worker process is ready to serve import requests
Launched and connected shader compiler UnityShaderCompiler.exe after 0.88 seconds
Refreshing native plugins compatible for Editor in 7.66 ms, found 3 plugins.
Preloading 0 native plugins for Editor in 0.00 ms.
Unloading 2190 Unused Serialized files (Serialized files now loaded: 0)
System memory in use before: 95.7 MB.
System memory in use after: 95.8 MB.

Unloading 25 unused Assets to reduce memory usage. Loaded Objects now: 2628.
Total: 77.797000 ms (FindLiveObjects: 1.995000 ms CreateObjectMapping: 0.357100 ms MarkObjects: 74.657000 ms  DeleteObjects: 0.781900 ms)

AssetImportParameters requested are different than current active one (requested -> active):
  custom:framework-win-MediaFoundation: 216162199b28c13a410421893ffa2e32 -> 
  custom:video-decoder-ogg-theora: a1e56fd34408186e4bbccfd4996cb3dc -> 
  custom:container-muxer-webm: aa71ff27fc2769a1b78a27578f13a17b -> 
  custom:container-demuxer-webm: 4f35f7cbe854078d1ac9338744f61a02 -> 
  custom:container-demuxer-ogg: 62fdf1f143b41e24485cea50d1cbac27 -> 
  custom:video-encoder-webm-vp8: eb34c28f22e8b96e1ab97ce403110664 -> 
  custom:video-decoder-webm-vp8: 9c59270c3fd7afecdb556c50c9e8de78 -> 
  custom:audio-decoder-ogg-vorbis: bf7c407c2cedff20999df2af8eb42d56 -> 
  custom:audio-encoder-webm-vorbis: bf7c407c2cedff20999df2af8eb42d56 -> 
========================================================================
Received Import Request.
  path: Assets/sprite
  artifactKey: Guid(b3a8784e1b5366748b49f7b276dcf583) Importer(815301076,1909f56bfc062723c751e8b465ee728b)
Start importing Assets/sprite using Guid(b3a8784e1b5366748b49f7b276dcf583) Importer(815301076,1909f56bfc062723c751e8b465ee728b)  -> (artifact id: 'ba7e0124e067583b513d9e66d6723911') in 0.340566 seconds 
========================================================================
Received Import Request.
  Time since last request: 175.711003 seconds.
  path: Assets/Scenes
  artifactKey: Guid(131a6b21c8605f84396be9f6751fb6e3) Importer(815301076,1909f56bfc062723c751e8b465ee728b)
Start importing Assets/Scenes using Guid(131a6b21c8605f84396be9f6751fb6e3) Importer(815301076,1909f56bfc062723c751e8b465ee728b)  -> (artifact id: 'ffae677c86e903bacef8065336249a81') in 0.007418 seconds 
========================================================================
Received Import Request.
  Time since last request: 408.681020 seconds.
  path: Assets/Scripts
  artifactKey: Guid(b3a8784e1b5366748b49f7b276dcf583) Importer(815301076,1909f56bfc062723c751e8b465ee728b)
Start importing Assets/Scripts using Guid(b3a8784e1b5366748b49f7b276dcf583) Importer(815301076,1909f56bfc062723c751e8b465ee728b)  -> (artifact id: 'e54f0bbe56d2b8d5f1f9fc08a6b92bd1') in 0.009811 seconds 
========================================================================
Received Import Request.
  Time since last request: 12.770808 seconds.
  path: Assets/Sprite
  artifactKey: Guid(b3a8784e1b5366748b49f7b276dcf583) Importer(815301076,1909f56bfc062723c751e8b465ee728b)
Start importing Assets/Sprite using Guid(b3a8784e1b5366748b49f7b276dcf583) Importer(815301076,1909f56bfc062723c751e8b465ee728b)  -> (artifact id: 'd2da6742cdfc183907626b7d940ea325') in 0.008179 seconds 
========================================================================
Received Import Request.
  Time since last request: 1.582132 seconds.
  path: Assets/skript
  artifactKey: Guid(e6a04948b81087e4e86bd708c6db3947) Importer(815301076,1909f56bfc062723c751e8b465ee728b)
Start importing Assets/skript using Guid(e6a04948b81087e4e86bd708c6db3947) Importer(815301076,1909f56bfc062723c751e8b465ee728b)  -> (artifact id: 'cc1bbdfd6fcfbf82008a3b592621b330') in 0.014785 seconds 
========================================================================
Received Import Request.
  Time since last request: 6.323441 seconds.
  path: Assets/Scripts
  artifactKey: Guid(e6a04948b81087e4e86bd708c6db3947) Importer(815301076,1909f56bfc062723c751e8b465ee728b)
Start importing Assets/Scripts using Guid(e6a04948b81087e4e86bd708c6db3947) Importer(815301076,1909f56bfc062723c751e8b465ee728b)  -> (artifact id: 'b9368a1c73b76f27bbfa773a8584aae9') in 0.040610 seconds 
========================================================================
Received Prepare
Registering precompiled user dll's ...
Registered in 0.009120 seconds.
Begin MonoManager ReloadAssembly
Native extension for WindowsStandalone target not found
Refreshing native plugins compatible for Editor in 1.92 ms, found 3 plugins.
Preloading 0 native plugins for Editor in 0.00 ms.
Mono: successfully reloaded assembly
- Completed reload, in  6.469 seconds
Domain Reload Profiling:
	ReloadAssembly (6498ms)
		BeginReloadAssembly (1615ms)
			ExecutionOrderSort (0ms)
			DisableScriptedObjects (174ms)
			BackupInstance (0ms)
			ReleaseScriptingObjects (0ms)
			CreateAndSetChildDomain (768ms)
		EndReloadAssembly (4696ms)
			LoadAssemblies (965ms)
			RebuildTransferFunctionScriptingTraits (0ms)
			SetupTypeCache (2802ms)
			ReleaseScriptCaches (3ms)
			RebuildScriptCaches (133ms)
			SetupLoadedEditorAssemblies (835ms)
				LogAssemblyErrors (0ms)
				InitializePlatformSupportModulesInManaged (15ms)
				SetLoadedEditorAssemblies (3ms)
				RefreshPlugins (2ms)
				BeforeProcessingInitializeOnLoad (271ms)
				ProcessInitializeOnLoadAttributes (495ms)
				ProcessInitializeOnLoadMethodAttributes (42ms)
				AfterProcessingInitializeOnLoad (6ms)
				EditorAssembliesLoaded (1ms)
			ExecutionOrderSort2 (0ms)
			AwakeInstancesAfterBackupRestoration (10ms)
Platform modules already initialized, skipping
Refreshing native plugins compatible for Editor in 1.18 ms, found 3 plugins.
Preloading 0 native plugins for Editor in 0.00 ms.
Unloading 2179 Unused Serialized files (Serialized files now loaded: 0)
System memory in use before: 95.0 MB.
System memory in use after: 95.2 MB.

Unloading 14 unused Assets to reduce memory usage. Loaded Objects now: 2631.
Total: 87.769300 ms (FindLiveObjects: 8.868100 ms CreateObjectMapping: 0.297400 ms MarkObjects: 78.013700 ms  DeleteObjects: 0.586300 ms)

AssetImportParameters requested are different than current active one (requested -> active):
  custom:framework-win-MediaFoundation: 216162199b28c13a410421893ffa2e32 -> 
  custom:video-decoder-ogg-theora: a1e56fd34408186e4bbccfd4996cb3dc -> 
  custom:container-muxer-webm: aa71ff27fc2769a1b78a27578f13a17b -> 
  custom:container-demuxer-webm: 4f35f7cbe854078d1ac9338744f61a02 -> 
  custom:container-demuxer-ogg: 62fdf1f143b41e24485cea50d1cbac27 -> 
  custom:video-encoder-webm-vp8: eb34c28f22e8b96e1ab97ce403110664 -> 
  custom:video-decoder-webm-vp8: 9c59270c3fd7afecdb556c50c9e8de78 -> 
  custom:audio-decoder-ogg-vorbis: bf7c407c2cedff20999df2af8eb42d56 -> 
  custom:audio-encoder-webm-vorbis: bf7c407c2cedff20999df2af8eb42d56 -> 
========================================================================
Received Import Request.
  Time since last request: 36.511131 seconds.
  path: Assets/object
  artifactKey: Guid(a9fd40a4d27eb2941bd2585a4a91fe2c) Importer(815301076,1909f56bfc062723c751e8b465ee728b)
Start importing Assets/object using Guid(a9fd40a4d27eb2941bd2585a4a91fe2c) Importer(815301076,1909f56bfc062723c751e8b465ee728b)  -> (artifact id: 'f6664c2541624eed4023ca0f7a01f3e5') in 0.057881 seconds 
========================================================================
Received Import Request.
  Time since last request: 228.556442 seconds.
  path: Assets/Object
  artifactKey: Guid(a9fd40a4d27eb2941bd2585a4a91fe2c) Importer(815301076,1909f56bfc062723c751e8b465ee728b)
Start importing Assets/Object using Guid(a9fd40a4d27eb2941bd2585a4a91fe2c) Importer(815301076,1909f56bfc062723c751e8b465ee728b)  -> (artifact id: '2602ab69d1619cbdce7439fbd956d859') in 0.023324 seconds 
========================================================================
Received Import Request.
  Time since last request: 2.770338 seconds.
  path: Assets/font
  artifactKey: Guid(a70baeb2bb29608408029093ce5310dd) Importer(815301076,1909f56bfc062723c751e8b465ee728b)
Start importing Assets/font using Guid(a70baeb2bb29608408029093ce5310dd) Importer(815301076,1909f56bfc062723c751e8b465ee728b)  -> (artifact id: 'f08b8a0732d6266320dcade5865a030c') in 0.020851 seconds 
========================================================================
Received Import Request.
  Time since last request: 4.300544 seconds.
  path: Assets/Fonts
  artifactKey: Guid(a70baeb2bb29608408029093ce5310dd) Importer(815301076,1909f56bfc062723c751e8b465ee728b)
Start importing Assets/Fonts using Guid(a70baeb2bb29608408029093ce5310dd) Importer(815301076,1909f56bfc062723c751e8b465ee728b)  -> (artifact id: 'be06549de4331d61df208169c7547598') in 0.008278 seconds 
========================================================================
Received Import Request.
  Time since last request: 5.484549 seconds.
  path: Assets/Objects
  artifactKey: Guid(a9fd40a4d27eb2941bd2585a4a91fe2c) Importer(815301076,1909f56bfc062723c751e8b465ee728b)
Start importing Assets/Objects using Guid(a9fd40a4d27eb2941bd2585a4a91fe2c) Importer(815301076,1909f56bfc062723c751e8b465ee728b)  -> (artifact id: 'a82461f21c7b5467244824b1b5340979') in 0.016637 seconds 
========================================================================
Received Import Request.
  Time since last request: 54.703386 seconds.
  path: Assets/Sprites
  artifactKey: Guid(b3a8784e1b5366748b49f7b276dcf583) Importer(815301076,1909f56bfc062723c751e8b465ee728b)
Start importing Assets/Sprites using Guid(b3a8784e1b5366748b49f7b276dcf583) Importer(815301076,1909f56bfc062723c751e8b465ee728b)  -> (artifact id: 'd93601cc316f31611b5e5cb9c07fb498') in 0.021124 seconds 
========================================================================
Received Import Request.
  Time since last request: 373.532978 seconds.
  path: Assets/Scripts/player
  artifactKey: Guid(2763923b0994f814f9b6edd6fb61035e) Importer(815301076,1909f56bfc062723c751e8b465ee728b)
Start importing Assets/Scripts/player using Guid(2763923b0994f814f9b6edd6fb61035e) Importer(815301076,1909f56bfc062723c751e8b465ee728b)  -> (artifact id: '04ca3f0c2e833d6ad44640fd11d3a459') in 0.032424 seconds 
========================================================================
Received Import Request.
  Time since last request: 2.146211 seconds.
  path: Assets/Fonts/Sonic 1 Title Screen Filled.ttf
  artifactKey: Guid(eea6e80c0e735dc4b9eb43db0a791f19) Importer(815301076,1909f56bfc062723c751e8b465ee728b)
Start importing Assets/Fonts/Sonic 1 Title Screen Filled.ttf using Guid(eea6e80c0e735dc4b9eb43db0a791f19) Importer(815301076,1909f56bfc062723c751e8b465ee728b)  -> (artifact id: 'ffeae46a32dcf4f3852ecdfd4105de98') in 1.092386 seconds 
========================================================================
Received Import Request.
  Time since last request: 1.884269 seconds.
  path: Assets/Objects/fish_normal
  artifactKey: Guid(c6a7fb4dd82bbcb4e8c29d3b27f3cc1f) Importer(815301076,1909f56bfc062723c751e8b465ee728b)
Start importing Assets/Objects/fish_normal using Guid(c6a7fb4dd82bbcb4e8c29d3b27f3cc1f) Importer(815301076,1909f56bfc062723c751e8b465ee728b)  -> (artifact id: '5462286ffce428d50d2ce7c1b0495d40') in 0.025059 seconds 
========================================================================
Received Import Request.
  Time since last request: 10.264482 seconds.
  path: Assets/Objects/FishNormal
  artifactKey: Guid(c6a7fb4dd82bbcb4e8c29d3b27f3cc1f) Importer(815301076,1909f56bfc062723c751e8b465ee728b)
Start importing Assets/Objects/FishNormal using Guid(c6a7fb4dd82bbcb4e8c29d3b27f3cc1f) Importer(815301076,1909f56bfc062723c751e8b465ee728b)  -> (artifact id: '958e3ad4bb0dce37af432172b81164da') in 0.023517 seconds 
========================================================================
Received Import Request.
  Time since last request: 1.055175 seconds.
  path: Assets/Objects/FishNormal/fish_clown.prefab
  artifactKey: Guid(6feeeb71a16d24946809285be54fbcd9) Importer(815301076,1909f56bfc062723c751e8b465ee728b)
Start importing Assets/Objects/FishNormal/fish_clown.prefab using Guid(6feeeb71a16d24946809285be54fbcd9) Importer(815301076,1909f56bfc062723c751e8b465ee728b)  -> (artifact id: 'bc9354f9f2586493d0fca67d89794661') in 0.053952 seconds 
========================================================================
Received Import Request.
  Time since last request: 8.202717 seconds.
  path: Assets/Prefab
  artifactKey: Guid(a9fd40a4d27eb2941bd2585a4a91fe2c) Importer(815301076,1909f56bfc062723c751e8b465ee728b)
Start importing Assets/Prefab using Guid(a9fd40a4d27eb2941bd2585a4a91fe2c) Importer(815301076,1909f56bfc062723c751e8b465ee728b)  -> (artifact id: '06e4b8d44042fe9fbb3e40dbfce953fa') in 0.024517 seconds 
========================================================================
Received Import Request.
  Time since last request: 5.461566 seconds.
  path: Assets/Prefabs
  artifactKey: Guid(a9fd40a4d27eb2941bd2585a4a91fe2c) Importer(815301076,1909f56bfc062723c751e8b465ee728b)
Start importing Assets/Prefabs using Guid(a9fd40a4d27eb2941bd2585a4a91fe2c) Importer(815301076,1909f56bfc062723c751e8b465ee728b)  -> (artifact id: '53aa1f21eed6552caf9af9bf5577bac3') in 0.008281 seconds 
========================================================================
Received Import Request.
  Time since last request: 4.553434 seconds.
  path: Assets/Scripts/button
  artifactKey: Guid(46bd632f67ce62d4798cce407593619e) Importer(815301076,1909f56bfc062723c751e8b465ee728b)
Start importing Assets/Scripts/button using Guid(46bd632f67ce62d4798cce407593619e) Importer(815301076,1909f56bfc062723c751e8b465ee728b)  -> (artifact id: '4915365aaea2a37ebcb348114ef446a9') in 0.030014 seconds 
========================================================================
Received Import Request.
  Time since last request: 4.536434 seconds.
  path: Assets/Scripts/Buttons
  artifactKey: Guid(46bd632f67ce62d4798cce407593619e) Importer(815301076,1909f56bfc062723c751e8b465ee728b)
Start importing Assets/Scripts/Buttons using Guid(46bd632f67ce62d4798cce407593619e) Importer(815301076,1909f56bfc062723c751e8b465ee728b)  -> (artifact id: '0298208cea34f47efa6090bda8d16335') in 0.069203 seconds 
========================================================================
Received Import Request.
  Time since last request: 0.831871 seconds.
  path: Assets/Scripts/loading
  artifactKey: Guid(74102766f3bc9c1428426845f109c55b) Importer(815301076,1909f56bfc062723c751e8b465ee728b)
Start importing Assets/Scripts/loading using Guid(74102766f3bc9c1428426845f109c55b) Importer(815301076,1909f56bfc062723c751e8b465ee728b)  -> (artifact id: 'dc6ee33fa23524166f62c46008daf65e') in 0.031245 seconds 
========================================================================
Received Prepare
Registering precompiled user dll's ...
Registered in 0.009010 seconds.
Begin MonoManager ReloadAssembly
Native extension for WindowsStandalone target not found
Refreshing native plugins compatible for Editor in 1.14 ms, found 3 plugins.
Preloading 0 native plugins for Editor in 0.00 ms.
Mono: successfully reloaded assembly
- Completed reload, in  7.421 seconds
Domain Reload Profiling:
	ReloadAssembly (7427ms)
		BeginReloadAssembly (2625ms)
			ExecutionOrderSort (0ms)
			DisableScriptedObjects (93ms)
			BackupInstance (0ms)
			ReleaseScriptingObjects (0ms)
			CreateAndSetChildDomain (2088ms)
		EndReloadAssembly (4629ms)
			LoadAssemblies (634ms)
			RebuildTransferFunctionScriptingTraits (0ms)
			SetupTypeCache (2103ms)
			ReleaseScriptCaches (2ms)
			RebuildScriptCaches (167ms)
			SetupLoadedEditorAssemblies (1589ms)
				LogAssemblyErrors (0ms)
				InitializePlatformSupportModulesInManaged (17ms)
				SetLoadedEditorAssemblies (3ms)
				RefreshPlugins (1ms)
				BeforeProcessingInitializeOnLoad (608ms)
				ProcessInitializeOnLoadAttributes (864ms)
				ProcessInitializeOnLoadMethodAttributes (89ms)
				AfterProcessingInitializeOnLoad (6ms)
				EditorAssembliesLoaded (1ms)
			ExecutionOrderSort2 (0ms)
			AwakeInstancesAfterBackupRestoration (12ms)
Platform modules already initialized, skipping
Refreshing native plugins compatible for Editor in 1.43 ms, found 3 plugins.
Preloading 0 native plugins for Editor in 0.00 ms.
Unloading 2179 Unused Serialized files (Serialized files now loaded: 0)
System memory in use before: 98.4 MB.
System memory in use after: 98.5 MB.

Unloading 14 unused Assets to reduce memory usage. Loaded Objects now: 2679.
Total: 22.127200 ms (FindLiveObjects: 1.200200 ms CreateObjectMapping: 0.188900 ms MarkObjects: 20.662000 ms  DeleteObjects: 0.073100 ms)

AssetImportParameters requested are different than current active one (requested -> active):
  custom:framework-win-MediaFoundation: 216162199b28c13a410421893ffa2e32 -> 
  custom:video-decoder-ogg-theora: a1e56fd34408186e4bbccfd4996cb3dc -> 
  custom:container-muxer-webm: aa71ff27fc2769a1b78a27578f13a17b -> 
  custom:container-demuxer-webm: 4f35f7cbe854078d1ac9338744f61a02 -> 
  custom:container-demuxer-ogg: 62fdf1f143b41e24485cea50d1cbac27 -> 
  custom:video-encoder-webm-vp8: eb34c28f22e8b96e1ab97ce403110664 -> 
  custom:video-decoder-webm-vp8: 9c59270c3fd7afecdb556c50c9e8de78 -> 
  custom:audio-decoder-ogg-vorbis: bf7c407c2cedff20999df2af8eb42d56 -> 
  custom:audio-encoder-webm-vorbis: bf7c407c2cedff20999df2af8eb42d56 -> 
========================================================================
Received Import Request.
  Time since last request: 23.350996 seconds.
  path: Assets/Scripts/Loading
  artifactKey: Guid(74102766f3bc9c1428426845f109c55b) Importer(815301076,1909f56bfc062723c751e8b465ee728b)
Start importing Assets/Scripts/Loading using Guid(74102766f3bc9c1428426845f109c55b) Importer(815301076,1909f56bfc062723c751e8b465ee728b)  -> (artifact id: '2d3b91646cbc5ae790bc980371b91dfe') in 0.014057 seconds 
========================================================================
Received Prepare
Registering precompiled user dll's ...
Registered in 0.014644 seconds.
Begin MonoManager ReloadAssembly
Native extension for WindowsStandalone target not found
Refreshing native plugins compatible for Editor in 3.92 ms, found 3 plugins.
Preloading 0 native plugins for Editor in 0.00 ms.
Mono: successfully reloaded assembly
- Completed reload, in  4.850 seconds
Domain Reload Profiling:
	ReloadAssembly (4851ms)
		BeginReloadAssembly (371ms)
			ExecutionOrderSort (0ms)
			DisableScriptedObjects (17ms)
			BackupInstance (0ms)
			ReleaseScriptingObjects (0ms)
			CreateAndSetChildDomain (96ms)
		EndReloadAssembly (4320ms)
			LoadAssemblies (376ms)
			RebuildTransferFunctionScriptingTraits (0ms)
			SetupTypeCache (974ms)
			ReleaseScriptCaches (4ms)
			RebuildScriptCaches (234ms)
			SetupLoadedEditorAssemblies (2398ms)
				LogAssemblyErrors (0ms)
				InitializePlatformSupportModulesInManaged (23ms)
				SetLoadedEditorAssemblies (2ms)
				RefreshPlugins (4ms)
				BeforeProcessingInitializeOnLoad (970ms)
				ProcessInitializeOnLoadAttributes (1342ms)
				ProcessInitializeOnLoadMethodAttributes (47ms)
				AfterProcessingInitializeOnLoad (8ms)
				EditorAssembliesLoaded (0ms)
			ExecutionOrderSort2 (0ms)
			AwakeInstancesAfterBackupRestoration (12ms)
Platform modules already initialized, skipping
Refreshing native plugins compatible for Editor in 1.37 ms, found 3 plugins.
Preloading 0 native plugins for Editor in 0.00 ms.
Unloading 2179 Unused Serialized files (Serialized files now loaded: 0)
System memory in use before: 98.4 MB.
System memory in use after: 98.5 MB.

Unloading 14 unused Assets to reduce memory usage. Loaded Objects now: 2682.
Total: 10.737600 ms (FindLiveObjects: 0.470900 ms CreateObjectMapping: 0.127900 ms MarkObjects: 9.394000 ms  DeleteObjects: 0.742300 ms)

AssetImportParameters requested are different than current active one (requested -> active):
  custom:framework-win-MediaFoundation: 216162199b28c13a410421893ffa2e32 -> 
  custom:video-decoder-ogg-theora: a1e56fd34408186e4bbccfd4996cb3dc -> 
  custom:container-muxer-webm: aa71ff27fc2769a1b78a27578f13a17b -> 
  custom:container-demuxer-webm: 4f35f7cbe854078d1ac9338744f61a02 -> 
  custom:container-demuxer-ogg: 62fdf1f143b41e24485cea50d1cbac27 -> 
  custom:video-encoder-webm-vp8: eb34c28f22e8b96e1ab97ce403110664 -> 
  custom:video-decoder-webm-vp8: 9c59270c3fd7afecdb556c50c9e8de78 -> 
  custom:audio-decoder-ogg-vorbis: bf7c407c2cedff20999df2af8eb42d56 -> 
  custom:audio-encoder-webm-vorbis: bf7c407c2cedff20999df2af8eb42d56 -> 
========================================================================
Received Import Request.
  Time since last request: 12.838839 seconds.
  path: Assets/Scripts/wave
  artifactKey: Guid(5d65b1e7d38eea842b9b5daa721670c9) Importer(815301076,1909f56bfc062723c751e8b465ee728b)
Start importing Assets/Scripts/wave using Guid(5d65b1e7d38eea842b9b5daa721670c9) Importer(815301076,1909f56bfc062723c751e8b465ee728b)  -> (artifact id: '2ad9e7927a0c879d6c763cc8a9bb941c') in 0.022665 seconds 
========================================================================
Received Import Request.
  Time since last request: 0.000761 seconds.
  path: Assets/Scripts/Player
  artifactKey: Guid(2763923b0994f814f9b6edd6fb61035e) Importer(815301076,1909f56bfc062723c751e8b465ee728b)
Start importing Assets/Scripts/Player using Guid(2763923b0994f814f9b6edd6fb61035e) Importer(815301076,1909f56bfc062723c751e8b465ee728b)  -> (artifact id: '9cde71360f1cc1df2319ad4225b80d74') in 0.008587 seconds 
========================================================================
Received Prepare
Registering precompiled user dll's ...
Registered in 0.008305 seconds.
Begin MonoManager ReloadAssembly
Native extension for WindowsStandalone target not found
Refreshing native plugins compatible for Editor in 1.92 ms, found 3 plugins.
Preloading 0 native plugins for Editor in 0.00 ms.
Mono: successfully reloaded assembly
- Completed reload, in  2.786 seconds
Domain Reload Profiling:
	ReloadAssembly (2789ms)
		BeginReloadAssembly (303ms)
			ExecutionOrderSort (0ms)
			DisableScriptedObjects (21ms)
			BackupInstance (0ms)
			ReleaseScriptingObjects (0ms)
			CreateAndSetChildDomain (86ms)
		EndReloadAssembly (2335ms)
			LoadAssemblies (317ms)
			RebuildTransferFunctionScriptingTraits (0ms)
			SetupTypeCache (797ms)
			ReleaseScriptCaches (2ms)
			RebuildScriptCaches (141ms)
			SetupLoadedEditorAssemblies (818ms)
				LogAssemblyErrors (0ms)
				InitializePlatformSupportModulesInManaged (10ms)
				SetLoadedEditorAssemblies (1ms)
				RefreshPlugins (2ms)
				BeforeProcessingInitializeOnLoad (227ms)
				ProcessInitializeOnLoadAttributes (512ms)
				ProcessInitializeOnLoadMethodAttributes (58ms)
				AfterProcessingInitializeOnLoad (8ms)
				EditorAssembliesLoaded (0ms)
			ExecutionOrderSort2 (0ms)
			AwakeInstancesAfterBackupRestoration (12ms)
Platform modules already initialized, skipping
Refreshing native plugins compatible for Editor in 4.55 ms, found 3 plugins.
Preloading 0 native plugins for Editor in 0.00 ms.
Unloading 2179 Unused Serialized files (Serialized files now loaded: 0)
System memory in use before: 98.4 MB.
System memory in use after: 98.5 MB.

Unloading 14 unused Assets to reduce memory usage. Loaded Objects now: 2685.
Total: 18.495600 ms (FindLiveObjects: 0.800900 ms CreateObjectMapping: 0.234300 ms MarkObjects: 16.065400 ms  DeleteObjects: 1.389400 ms)

AssetImportParameters requested are different than current active one (requested -> active):
  custom:framework-win-MediaFoundation: 216162199b28c13a410421893ffa2e32 -> 
  custom:video-decoder-ogg-theora: a1e56fd34408186e4bbccfd4996cb3dc -> 
  custom:container-muxer-webm: aa71ff27fc2769a1b78a27578f13a17b -> 
  custom:container-demuxer-webm: 4f35f7cbe854078d1ac9338744f61a02 -> 
  custom:container-demuxer-ogg: 62fdf1f143b41e24485cea50d1cbac27 -> 
  custom:video-encoder-webm-vp8: eb34c28f22e8b96e1ab97ce403110664 -> 
  custom:video-decoder-webm-vp8: 9c59270c3fd7afecdb556c50c9e8de78 -> 
  custom:audio-decoder-ogg-vorbis: bf7c407c2cedff20999df2af8eb42d56 -> 
  custom:audio-encoder-webm-vorbis: bf7c407c2cedff20999df2af8eb42d56 -> 
========================================================================
Received Import Request.
  Time since last request: 8.725140 seconds.
  path: Assets/Scripts/Wave
  artifactKey: Guid(5d65b1e7d38eea842b9b5daa721670c9) Importer(815301076,1909f56bfc062723c751e8b465ee728b)
Start importing Assets/Scripts/Wave using Guid(5d65b1e7d38eea842b9b5daa721670c9) Importer(815301076,1909f56bfc062723c751e8b465ee728b)  -> (artifact id: 'db3c88878953b466bf087e967e80a64a') in 0.059835 seconds 
========================================================================
Received Prepare
Registering precompiled user dll's ...
Registered in 0.009111 seconds.
Begin MonoManager ReloadAssembly
Native extension for WindowsStandalone target not found
Refreshing native plugins compatible for Editor in 1.11 ms, found 3 plugins.
Preloading 0 native plugins for Editor in 0.00 ms.
Mono: successfully reloaded assembly
- Completed reload, in  2.755 seconds
Domain Reload Profiling:
	ReloadAssembly (2756ms)
		BeginReloadAssembly (259ms)
			ExecutionOrderSort (0ms)
			DisableScriptedObjects (14ms)
			BackupInstance (0ms)
			ReleaseScriptingObjects (0ms)
			CreateAndSetChildDomain (74ms)
		EndReloadAssembly (2359ms)
			LoadAssemblies (262ms)
			RebuildTransferFunctionScriptingTraits (0ms)
			SetupTypeCache (697ms)
			ReleaseScriptCaches (2ms)
			RebuildScriptCaches (141ms)
			SetupLoadedEditorAssemblies (1050ms)
				LogAssemblyErrors (0ms)
				InitializePlatformSupportModulesInManaged (12ms)
				SetLoadedEditorAssemblies (1ms)
				RefreshPlugins (1ms)
				BeforeProcessingInitializeOnLoad (269ms)
				ProcessInitializeOnLoadAttributes (697ms)
				ProcessInitializeOnLoadMethodAttributes (63ms)
				AfterProcessingInitializeOnLoad (6ms)
				EditorAssembliesLoaded (0ms)
			ExecutionOrderSort2 (0ms)
			AwakeInstancesAfterBackupRestoration (11ms)
Platform modules already initialized, skipping
Refreshing native plugins compatible for Editor in 1.84 ms, found 3 plugins.
Preloading 0 native plugins for Editor in 0.00 ms.
Unloading 2179 Unused Serialized files (Serialized files now loaded: 0)
System memory in use before: 98.4 MB.
System memory in use after: 98.6 MB.

Unloading 14 unused Assets to reduce memory usage. Loaded Objects now: 2688.
Total: 8.123800 ms (FindLiveObjects: 0.632500 ms CreateObjectMapping: 0.317000 ms MarkObjects: 6.519900 ms  DeleteObjects: 0.650800 ms)

AssetImportParameters requested are different than current active one (requested -> active):
  custom:framework-win-MediaFoundation: 216162199b28c13a410421893ffa2e32 -> 
  custom:video-decoder-ogg-theora: a1e56fd34408186e4bbccfd4996cb3dc -> 
  custom:container-muxer-webm: aa71ff27fc2769a1b78a27578f13a17b -> 
  custom:container-demuxer-webm: 4f35f7cbe854078d1ac9338744f61a02 -> 
  custom:container-demuxer-ogg: 62fdf1f143b41e24485cea50d1cbac27 -> 
  custom:video-encoder-webm-vp8: eb34c28f22e8b96e1ab97ce403110664 -> 
  custom:video-decoder-webm-vp8: 9c59270c3fd7afecdb556c50c9e8de78 -> 
  custom:audio-decoder-ogg-vorbis: bf7c407c2cedff20999df2af8eb42d56 -> 
  custom:audio-encoder-webm-vorbis: bf7c407c2cedff20999df2af8eb42d56 -> 
========================================================================
Received Import Request.
  Time since last request: 86.080686 seconds.
  path: Assets/Prefabs/FishNormal/FirstClown.prefab
  artifactKey: Guid(6feeeb71a16d24946809285be54fbcd9) Importer(815301076,1909f56bfc062723c751e8b465ee728b)
Start importing Assets/Prefabs/FishNormal/FirstClown.prefab using Guid(6feeeb71a16d24946809285be54fbcd9) Importer(815301076,1909f56bfc062723c751e8b465ee728b)  -> (artifact id: '372b20658d712800db4bb293a5426293') in 0.154393 seconds 
========================================================================
Received Import Request.
  Time since last request: 8.720761 seconds.
  path: Assets/Scenes/land_scene.unity
  artifactKey: Guid(2cda990e2423bbf4892e6590ba056729) Importer(815301076,1909f56bfc062723c751e8b465ee728b)
Start importing Assets/Scenes/land_scene.unity using Guid(2cda990e2423bbf4892e6590ba056729) Importer(815301076,1909f56bfc062723c751e8b465ee728b)  -> (artifact id: '3411f71da013c15fce08a9d58ba4fb6c') in 0.030558 seconds 
========================================================================
Received Import Request.
  Time since last request: 5.642237 seconds.
  path: Assets/Scenes/Land.unity
  artifactKey: Guid(2cda990e2423bbf4892e6590ba056729) Importer(815301076,1909f56bfc062723c751e8b465ee728b)
Start importing Assets/Scenes/Land.unity using Guid(2cda990e2423bbf4892e6590ba056729) Importer(815301076,1909f56bfc062723c751e8b465ee728b)  -> (artifact id: '6b4ad6383501f2944aed291343481ad5') in 0.035313 seconds 
========================================================================
Received Import Request.
  Time since last request: 1.260457 seconds.
  path: Assets/Scenes/ocean_scene.unity
  artifactKey: Guid(b2536159c759c36438fad03e6a36317b) Importer(815301076,1909f56bfc062723c751e8b465ee728b)
Start importing Assets/Scenes/ocean_scene.unity using Guid(b2536159c759c36438fad03e6a36317b) Importer(815301076,1909f56bfc062723c751e8b465ee728b)  -> (artifact id: '610079a7f9a56c08ba2e70c29e467f09') in 0.018976 seconds 
========================================================================
Received Import Request.
  Time since last request: 5.469713 seconds.
  path: Assets/Scenes/Ocean.unity
  artifactKey: Guid(b2536159c759c36438fad03e6a36317b) Importer(815301076,1909f56bfc062723c751e8b465ee728b)
Start importing Assets/Scenes/Ocean.unity using Guid(b2536159c759c36438fad03e6a36317b) Importer(815301076,1909f56bfc062723c751e8b465ee728b)  -> (artifact id: 'c4ba824f2b4eddaf5be74d1b7527b99a') in 0.069282 seconds 
========================================================================
Received Import Request.
  Time since last request: 1.772140 seconds.
  path: Assets/Scenes/test.unity
  artifactKey: Guid(30c34424d67bb364cb1d44517b11817a) Importer(815301076,1909f56bfc062723c751e8b465ee728b)
Start importing Assets/Scenes/test.unity using Guid(30c34424d67bb364cb1d44517b11817a) Importer(815301076,1909f56bfc062723c751e8b465ee728b)  -> (artifact id: 'be00d05471e23e2ce2506bcab0ab84e1') in 0.014833 seconds 
========================================================================
Received Import Request.
  Time since last request: 3.349726 seconds.
  path: Assets/Scenes/Test.unity
  artifactKey: Guid(30c34424d67bb364cb1d44517b11817a) Importer(815301076,1909f56bfc062723c751e8b465ee728b)
Start importing Assets/Scenes/Test.unity using Guid(30c34424d67bb364cb1d44517b11817a) Importer(815301076,1909f56bfc062723c751e8b465ee728b)  -> (artifact id: '262deedfa63f80c2aea931f77797cb77') in 0.010729 seconds 
